19:32:47.798 INFO - Launching a standalone Selenium Server
19:32:48.002 INFO - Java: Oracle Corporation 25.111-b14
19:32:48.003 INFO - OS: Mac OS X 10.12.1 x86_64
19:32:48.126 INFO - v2.53.1, with Core v2.53.1. Built from revision a36b8b1
19:32:48.482 INFO - Driver provider org.openqa.selenium.ie.InternetExplorerDriver registration is skipped:
registration capabilities Capabilities [{ensureCleanSession=true, browserName=internet explorer, version=, platform=WINDOWS}] does not match the current platform MAC
19:32:48.482 INFO - Driver provider org.openqa.selenium.edge.EdgeDriver registration is skipped:
registration capabilities Capabilities [{browserName=MicrosoftEdge, version=, platform=WINDOWS}] does not match the current platform MAC
19:32:48.483 INFO - Driver class not found: com.opera.core.systems.OperaDriver
19:32:48.483 INFO - Driver provider com.opera.core.systems.OperaDriver is not registered
19:32:48.494 INFO - Driver class not found: org.openqa.selenium.htmlunit.HtmlUnitDriver
19:32:48.495 INFO - Driver provider org.openqa.selenium.htmlunit.HtmlUnitDriver is not registered
19:32:48.894 INFO - RemoteWebDriver instances should connect to: http://127.0.0.1:4444/wd/hub
19:32:48.894 INFO - Selenium Server is up and running
19:32:50.055 INFO - Executing: [new session: Capabilities [{acceptSslCerts=true, marionette=false, name=First Test, browserName=chrome, javascriptEnabled=true, platform=ANY}]])
19:32:50.114 INFO - Creating a new session for Capabilities [{acceptSslCerts=true, marionette=false, name=First Test, browserName=chrome, javascriptEnabled=true, platform=ANY}]
Starting ChromeDriver 2.25.426935 (820a95b0b81d33e42712f9198c215f703412e1a1) on port 1644
Only local connections are allowed.
19:32:53.840 INFO - Done: [new session: Capabilities [{acceptSslCerts=true, marionette=false, name=First Test, browserName=chrome, javascriptEnabled=true, platform=ANY}]]
19:32:53.878 INFO - Executing: [get: http://www.google.com])
19:32:56.830 INFO - Done: [get: http://www.google.com]
19:32:56.845 INFO - Executing: [find elements: By.cssSelector: body])
19:32:56.897 INFO - Done: [find elements: By.cssSelector: body]
19:32:56.912 INFO - Executing: [is displayed: 0 [[ChromeDriver: chrome on MAC (f3cdf550b7f0cbebb45612ffeb342169)] -> css selector: body]])
19:32:56.932 INFO - Done: [is displayed: 0 [[ChromeDriver: chrome on MAC (f3cdf550b7f0cbebb45612ffeb342169)] -> css selector: body]]
19:32:56.940 INFO - Executing: [find element: By.cssSelector: input[type=text]])
19:32:56.963 INFO - Done: [find element: By.cssSelector: input[type=text]]
19:32:56.967 INFO - Executing: [send keys: 1 [[ChromeDriver: chrome on MAC (f3cdf550b7f0cbebb45612ffeb342169)] -> css selector: input[type=text]], [n, i, g, h, t, w, a, t, c, h]])
19:32:57.116 INFO - Done: [send keys: 1 [[ChromeDriver: chrome on MAC (f3cdf550b7f0cbebb45612ffeb342169)] -> css selector: input[type=text]], [n, i, g, h, t, w, a, t, c, h]]
19:32:57.134 INFO - Executing: [find elements: By.cssSelector: button[name=btnG]])
19:32:57.156 INFO - Done: [find elements: By.cssSelector: button[name=btnG]]
19:32:57.162 INFO - Executing: [is displayed: 2 [[ChromeDriver: chrome on MAC (f3cdf550b7f0cbebb45612ffeb342169)] -> css selector: button[name=btnG]]])
19:32:57.176 INFO - Done: [is displayed: 2 [[ChromeDriver: chrome on MAC (f3cdf550b7f0cbebb45612ffeb342169)] -> css selector: button[name=btnG]]]
19:32:57.184 INFO - Executing: [find element: By.cssSelector: button[name=btnG]])
19:32:57.203 INFO - Done: [find element: By.cssSelector: button[name=btnG]]
19:32:57.215 INFO - Executing: [click: 2 [[ChromeDriver: chrome on MAC (f3cdf550b7f0cbebb45612ffeb342169)] -> css selector: button[name=btnG]]])
19:32:57.291 INFO - Done: [click: 2 [[ChromeDriver: chrome on MAC (f3cdf550b7f0cbebb45612ffeb342169)] -> css selector: button[name=btnG]]]
19:32:58.309 INFO - Executing: [find element: By.cssSelector: #main])
19:32:58.330 INFO - Done: [find element: By.cssSelector: #main]
19:32:58.334 INFO - Executing: [get text: 3 [[ChromeDriver: chrome on MAC (f3cdf550b7f0cbebb45612ffeb342169)] -> css selector: #main]])
19:32:58.399 INFO - Done: [get text: 3 [[ChromeDriver: chrome on MAC (f3cdf550b7f0cbebb45612ffeb342169)] -> css selector: #main]]
19:32:58.409 INFO - Executing: [delete session: 9445a8f9-5245-4e98-a36a-dfe2af2d11ea])
19:32:58.494 INFO - Done: [delete session: 9445a8f9-5245-4e98-a36a-dfe2af2d11ea]
